<?xml version="1.0" encoding="utf-8"?><testsuites name="pytest tests"><testsuite name="pytest" errors="0" failures="0" skipped="0" tests="3" time="1.209" timestamp="2026-04-20T03:42:46.976209+00:00" hostname="srv1403390"><testcase classname="backend.tests.integration.test_monitor_preferences_endpoints" name="test_monitor_preferences_reject_manual_portfolio_override_for_crypto_with_binance" time="0.365" /><testcase classname="backend.tests.integration.test_monitor_preferences_endpoints" name="test_monitor_preferences_allows_manual_portfolio_override_for_stock_with_binance" time="0.147" /><testcase classname="backend.tests.integration.test_monitor_preferences_endpoints" name="test_monitor_preferences_allows_non_portfolio_updates_for_crypto_with_binance" time="0.125" /></testsuite></testsuites>